com.surveillance.utilitiy.GenericKeywords.openBrowser(GenericKeywords.java:62)evel	2024-07-06 14:01:41 Swap_Login_Test1: openBrowser action is started
com.surveillance.utilitiy.GenericKeywords.openBrowser(GenericKeywords.java:107)evel	2024-07-06 14:01:43 Swap_Login_Test1: Chrome launched successfully
com.surveillance.utilitiy.GenericKeywords.openURL(GenericKeywords.java:220)evel	2024-07-06 14:01:43 Swap_Login_Test1: Enter the URL action is started
com.surveillance.utilitiy.GenericKeywords.openURL(GenericKeywords.java:222)evel	2024-07-06 14:01:44 Swap_Login_Test1: https://www.saucedemo.com/ opened successfully
com.surveillance.utilitiy.GenericKeywords.openBrowser(GenericKeywords.java:62)evel	2024-07-06 14:02:55 Swap_Login_Test1: openBrowser action is started
com.surveillance.utilitiy.GenericKeywords.openBrowser(GenericKeywords.java:107)evel	2024-07-06 14:02:57 Swap_Login_Test1: Chrome launched successfully
com.surveillance.utilitiy.GenericKeywords.openURL(GenericKeywords.java:220)evel	2024-07-06 14:02:57 Swap_Login_Test1: Enter the URL action is started
com.surveillance.utilitiy.GenericKeywords.openURL(GenericKeywords.java:222)evel	2024-07-06 14:02:57 Swap_Login_Test1: https://www.saucedemo.com/ opened successfully
com.surveillance.utilitiy.GenericKeywords.openBrowser(GenericKeywords.java:62)evel	2024-07-06 14:03:53 Swap_Login_Test1: openBrowser action is started
com.surveillance.utilitiy.GenericKeywords.openBrowser(GenericKeywords.java:107)evel	2024-07-06 14:03:55 Swap_Login_Test1: Chrome launched successfully
com.surveillance.utilitiy.GenericKeywords.openURL(GenericKeywords.java:220)evel	2024-07-06 14:03:55 Swap_Login_Test1: Enter the URL action is started
com.surveillance.utilitiy.GenericKeywords.openURL(GenericKeywords.java:222)evel	2024-07-06 14:03:55 Swap_Login_Test1: https://www.saucedemo.com/ opened successfully
com.surveillance.utilitiy.GenericKeywords.openBrowser(GenericKeywords.java:62)evel	2024-07-06 14:05:05 Swap_Login_Test1: openBrowser action is started
com.surveillance.utilitiy.GenericKeywords.openBrowser(GenericKeywords.java:107)evel	2024-07-06 14:05:07 Swap_Login_Test1: Chrome launched successfully
com.surveillance.utilitiy.GenericKeywords.openURL(GenericKeywords.java:220)evel	2024-07-06 14:05:07 Swap_Login_Test1: Enter the URL action is started
com.surveillance.utilitiy.GenericKeywords.openURL(GenericKeywords.java:222)evel	2024-07-06 14:05:07 Swap_Login_Test1: https://www.saucedemo.com/ opened successfully
com.surveillance.utilitiy.GenericKeywords.openBrowser(GenericKeywords.java:62)evel	2024-07-06 14:06:19 Swap_Login_Test1: openBrowser action is started
com.surveillance.utilitiy.GenericKeywords.openBrowser(GenericKeywords.java:107)evel	2024-07-06 14:06:21 Swap_Login_Test1: Chrome launched successfully
com.surveillance.utilitiy.GenericKeywords.openURL(GenericKeywords.java:220)evel	2024-07-06 14:06:21 Swap_Login_Test1: Enter the URL action is started
com.surveillance.utilitiy.GenericKeywords.openURL(GenericKeywords.java:222)evel	2024-07-06 14:06:22 Swap_Login_Test1: https://www.saucedemo.com/ opened successfully
com.surveillance.utilitiy.GenericKeywords.openBrowser(GenericKeywords.java:62)evel	2024-07-06 14:06:41 Swap_Login_Test1: openBrowser action is started
com.surveillance.utilitiy.GenericKeywords.openBrowser(GenericKeywords.java:107)evel	2024-07-06 14:06:43 Swap_Login_Test1: Chrome launched successfully
com.surveillance.utilitiy.GenericKeywords.openURL(GenericKeywords.java:220)evel	2024-07-06 14:06:43 Swap_Login_Test1: Enter the URL action is started
com.surveillance.utilitiy.GenericKeywords.openURL(GenericKeywords.java:222)evel	2024-07-06 14:06:43 Swap_Login_Test1: https://www.saucedemo.com/ opened successfully
com.surveillance.utilitiy.GenericKeywords.openBrowser(GenericKeywords.java:62)evel	2024-07-06 14:09:20 Swap_Login_Test1: openBrowser action is started
com.surveillance.utilitiy.GenericKeywords.openBrowser(GenericKeywords.java:107)evel	2024-07-06 14:09:22 Swap_Login_Test1: Chrome launched successfully
com.surveillance.utilitiy.GenericKeywords.openURL(GenericKeywords.java:220)evel	2024-07-06 14:09:22 Swap_Login_Test1: Enter the URL action is started
com.surveillance.utilitiy.GenericKeywords.openURL(GenericKeywords.java:222)evel	2024-07-06 14:09:23 Swap_Login_Test1: https://www.saucedemo.com/ opened successfully
com.surveillance.utilitiy.GenericKeywords.openBrowser(GenericKeywords.java:62)evel	2024-07-06 14:09:43 Swap_Login_Test1: openBrowser action is started
com.surveillance.utilitiy.GenericKeywords.openBrowser(GenericKeywords.java:107)evel	2024-07-06 14:09:45 Swap_Login_Test1: Chrome launched successfully
com.surveillance.utilitiy.GenericKeywords.openURL(GenericKeywords.java:220)evel	2024-07-06 14:09:45 Swap_Login_Test1: Enter the URL action is started
com.surveillance.utilitiy.GenericKeywords.openURL(GenericKeywords.java:222)evel	2024-07-06 14:09:46 Swap_Login_Test1: https://www.saucedemo.com/ opened successfully
com.surveillance.utilitiy.GenericKeywords.openBrowser(GenericKeywords.java:62)evel	2024-07-06 14:12:51 Swap_Login_Test1: openBrowser action is started
com.surveillance.utilitiy.GenericKeywords.openBrowser(GenericKeywords.java:107)evel	2024-07-06 14:12:53 Swap_Login_Test1: Chrome launched successfully
com.surveillance.utilitiy.GenericKeywords.openURL(GenericKeywords.java:220)evel	2024-07-06 14:12:53 Swap_Login_Test1: Enter the URL action is started
com.surveillance.utilitiy.GenericKeywords.openURL(GenericKeywords.java:222)evel	2024-07-06 14:12:54 Swap_Login_Test1: https://www.saucedemo.com/ opened successfully
com.surveillance.utilitiy.GenericKeywords.openBrowser(GenericKeywords.java:62)evel	2024-07-06 16:56:16 Swap_Login_Test1: openBrowser action is started
com.surveillance.utilitiy.GenericKeywords.openBrowser(GenericKeywords.java:107)evel	2024-07-06 16:56:18 Swap_Login_Test1: Chrome launched successfully
com.surveillance.utilitiy.GenericKeywords.openURL(GenericKeywords.java:220)evel	2024-07-06 16:56:18 Swap_Login_Test1: Enter the URL action is started
com.surveillance.utilitiy.GenericKeywords.openURL(GenericKeywords.java:222)evel	2024-07-06 16:56:19 Swap_Login_Test1: https://www.saucedemo.com/ opened successfully
com.surveillance.utilitiy.GenericKeywords.openBrowser(GenericKeywords.java:62)evel	2024-07-06 21:46:09 Swap_Login_Test1: openBrowser action is started
com.surveillance.utilitiy.GenericKeywords.openBrowser(GenericKeywords.java:107)evel	2024-07-06 21:46:12 Swap_Login_Test1: Chrome launched successfully
com.surveillance.utilitiy.GenericKeywords.openURL(GenericKeywords.java:220)evel	2024-07-06 21:46:12 Swap_Login_Test1: Enter the URL action is started
com.surveillance.utilitiy.GenericKeywords.openBrowser(GenericKeywords.java:62)evel	2024-07-06 21:46:45 Swap_Login_Test1: openBrowser action is started
com.surveillance.utilitiy.GenericKeywords.openBrowser(GenericKeywords.java:107)evel	2024-07-06 21:46:48 Swap_Login_Test1: Chrome launched successfully
com.surveillance.utilitiy.GenericKeywords.openURL(GenericKeywords.java:220)evel	2024-07-06 21:46:48 Swap_Login_Test1: Enter the URL action is started
com.surveillance.utilitiy.GenericKeywords.openURL(GenericKeywords.java:222)evel	2024-07-06 21:46:48 Swap_Login_Test1: https://www.saucedemo.com/ opened successfully
com.surveillance.utilitiy.GenericKeywords.openBrowser(GenericKeywords.java:62)evel	2024-07-06 21:48:22 Swap_Login_Test1: openBrowser action is started
com.surveillance.utilitiy.GenericKeywords.openBrowser(GenericKeywords.java:107)evel	2024-07-06 21:48:24 Swap_Login_Test1: Chrome launched successfully
com.surveillance.utilitiy.GenericKeywords.openURL(GenericKeywords.java:220)evel	2024-07-06 21:48:24 Swap_Login_Test1: Enter the URL action is started
com.surveillance.utilitiy.GenericKeywords.openURL(GenericKeywords.java:222)evel	2024-07-06 21:48:24 Swap_Login_Test1: https://www.saucedemo.com/ opened successfully
com.surveillance.utilitiy.GenericKeywords.openBrowser(GenericKeywords.java:62)evel	2024-07-06 21:49:22 Swap_Login_Test1: openBrowser action is started
com.surveillance.utilitiy.GenericKeywords.openBrowser(GenericKeywords.java:107)evel	2024-07-06 21:49:24 Swap_Login_Test1: Chrome launched successfully
com.surveillance.utilitiy.GenericKeywords.openURL(GenericKeywords.java:220)evel	2024-07-06 21:49:24 Swap_Login_Test1: Enter the URL action is started
com.surveillance.utilitiy.GenericKeywords.openURL(GenericKeywords.java:222)evel	2024-07-06 21:49:28 Swap_Login_Test1: https://www.saucedemo.com/ opened successfully
com.surveillance.utilitiy.GenericKeywords.openBrowser(GenericKeywords.java:62)evel	2024-07-06 21:51:07 Swap_Login_Test1: openBrowser action is started
com.surveillance.utilitiy.GenericKeywords.openBrowser(GenericKeywords.java:107)evel	2024-07-06 21:51:10 Swap_Login_Test1: Chrome launched successfully
com.surveillance.utilitiy.GenericKeywords.openURL(GenericKeywords.java:220)evel	2024-07-06 21:51:10 Swap_Login_Test1: Enter the URL action is started
com.surveillance.utilitiy.GenericKeywords.openURL(GenericKeywords.java:222)evel	2024-07-06 21:51:10 Swap_Login_Test1: https://www.saucedemo.com/ opened successfully
com.surveillance.utilitiy.GenericKeywords.openBrowser(GenericKeywords.java:62)evel	2024-07-09 10:54:10 Para_Bank_Test: openBrowser action is started
com.surveillance.utilitiy.GenericKeywords.openBrowser(GenericKeywords.java:107)evel	2024-07-09 10:54:12 Para_Bank_Test: Chrome launched successfully
com.surveillance.utilitiy.GenericKeywords.openURL(GenericKeywords.java:220)evel	2024-07-09 10:54:12 Para_Bank_Test: Enter the URL action is started
com.surveillance.utilitiy.GenericKeywords.openURL(GenericKeywords.java:222)evel	2024-07-09 10:54:13 Para_Bank_Test: https://www.saucedemo.com/ opened successfully
com.surveillance.utilitiy.GenericKeywords.openBrowser(GenericKeywords.java:62)evel	2024-07-09 10:56:10 Para_Bank_Test: openBrowser action is started
com.surveillance.utilitiy.GenericKeywords.openBrowser(GenericKeywords.java:107)evel	2024-07-09 10:56:13 Para_Bank_Test: Chrome launched successfully
com.surveillance.utilitiy.GenericKeywords.openURL(GenericKeywords.java:220)evel	2024-07-09 10:56:13 Para_Bank_Test: Enter the URL action is started
com.surveillance.utilitiy.GenericKeywords.openBrowser(GenericKeywords.java:62)evel	2024-07-09 10:56:45 Para_Bank_Test: openBrowser action is started
com.surveillance.utilitiy.GenericKeywords.openBrowser(GenericKeywords.java:107)evel	2024-07-09 10:56:47 Para_Bank_Test: Chrome launched successfully
com.surveillance.utilitiy.GenericKeywords.openURL(GenericKeywords.java:220)evel	2024-07-09 10:56:47 Para_Bank_Test: Enter the URL action is started
com.surveillance.utilitiy.GenericKeywords.openBrowser(GenericKeywords.java:62)evel	2024-07-09 10:57:54 Para_Bank_Test: openBrowser action is started
com.surveillance.utilitiy.GenericKeywords.openBrowser(GenericKeywords.java:107)evel	2024-07-09 10:57:56 Para_Bank_Test: Chrome launched successfully
com.surveillance.utilitiy.GenericKeywords.openURL(GenericKeywords.java:220)evel	2024-07-09 10:57:56 Para_Bank_Test: Enter the URL action is started
com.surveillance.utilitiy.GenericKeywords.openURL(GenericKeywords.java:222)evel	2024-07-09 10:58:02 Para_Bank_Test: https://parabank.parasoft.com/parabank/index.htm opened successfully
com.surveillance.utilitiy.GenericKeywords.openBrowser(GenericKeywords.java:62)evel	2024-07-09 10:58:42 Para_Bank_Test: openBrowser action is started
com.surveillance.utilitiy.GenericKeywords.openBrowser(GenericKeywords.java:107)evel	2024-07-09 10:58:44 Para_Bank_Test: Chrome launched successfully
com.surveillance.utilitiy.GenericKeywords.openURL(GenericKeywords.java:220)evel	2024-07-09 10:58:44 Para_Bank_Test: Enter the URL action is started
com.surveillance.utilitiy.GenericKeywords.openURL(GenericKeywords.java:222)evel	2024-07-09 10:58:48 Para_Bank_Test: https://parabank.parasoft.com/parabank/index.htm opened successfully
com.surveillance.utilitiy.GenericKeywords.openBrowser(GenericKeywords.java:62)evel	2024-07-09 11:00:02 Para_Bank_Test: openBrowser action is started
com.surveillance.utilitiy.GenericKeywords.openBrowser(GenericKeywords.java:107)evel	2024-07-09 11:00:04 Para_Bank_Test: Chrome launched successfully
com.surveillance.utilitiy.GenericKeywords.openURL(GenericKeywords.java:220)evel	2024-07-09 11:00:04 Para_Bank_Test: Enter the URL action is started
com.surveillance.utilitiy.GenericKeywords.openURL(GenericKeywords.java:222)evel	2024-07-09 11:00:07 Para_Bank_Test: https://parabank.parasoft.com/parabank/index.htm opened successfully
com.surveillance.utilitiy.GenericKeywords.openBrowser(GenericKeywords.java:62)evel	2024-07-09 11:03:14 Para_Bank_Test: openBrowser action is started
com.surveillance.utilitiy.GenericKeywords.openBrowser(GenericKeywords.java:107)evel	2024-07-09 11:03:16 Para_Bank_Test: Chrome launched successfully
com.surveillance.utilitiy.GenericKeywords.openURL(GenericKeywords.java:220)evel	2024-07-09 11:03:16 Para_Bank_Test: Enter the URL action is started
com.surveillance.utilitiy.GenericKeywords.openURL(GenericKeywords.java:222)evel	2024-07-09 11:03:20 Para_Bank_Test: https://parabank.parasoft.com/parabank/index.htm opened successfully
com.surveillance.utilitiy.GenericKeywords.openBrowser(GenericKeywords.java:62)evel	2024-07-09 11:17:48 Para_Bank_Test: openBrowser action is started
com.surveillance.utilitiy.GenericKeywords.openBrowser(GenericKeywords.java:107)evel	2024-07-09 11:17:50 Para_Bank_Test: Chrome launched successfully
com.surveillance.utilitiy.GenericKeywords.openURL(GenericKeywords.java:220)evel	2024-07-09 11:17:50 Para_Bank_Test: Enter the URL action is started
com.surveillance.utilitiy.GenericKeywords.openURL(GenericKeywords.java:222)evel	2024-07-09 11:17:54 Para_Bank_Test: https://parabank.parasoft.com/parabank/index.htm opened successfully
